#### Start Training ####
Model: resnet50
Batch size: 32
Number of GPUs: 2
Running warmup...
Running benchmark...
Iter #0: 172.9 img/sec per GPU
Iter #1: 172.4 img/sec per GPU
Iter #2: 173.9 img/sec per GPU
Iter #3: 172.8 img/sec per GPU
Iter #4: 170.2 img/sec per GPU
Iter #5: 172.6 img/sec per GPU
Iter #6: 173.0 img/sec per GPU
Iter #7: 171.9 img/sec per GPU
Iter #8: 170.2 img/sec per GPU
Iter #9: 173.1 img/sec per GPU
Img/sec per GPU: 172.3 +-2.3
Total img/sec on 2 GPU(s): 344.6 +-4.5
#### End Training ####
#### Start Training ####
Model: resnet50
Batch size: 32
Number of GPUs: 2
Running warmup...
Running benchmark...
Iter #0: 172.0 img/sec per GPU
Iter #1: 172.6 img/sec per GPU
Iter #2: 172.5 img/sec per GPU
Iter #3: 172.6 img/sec per GPU
Iter #4: 172.9 img/sec per GPU
Iter #5: 172.3 img/sec per GPU
Iter #6: 172.9 img/sec per GPU
Iter #7: 173.2 img/sec per GPU
Iter #8: 172.8 img/sec per GPU
Iter #9: 172.3 img/sec per GPU
Img/sec per GPU: 172.6 +-0.7
Total img/sec on 2 GPU(s): 345.2 +-1.3
#### End Training ####
#### Start Training ####
Model: resnet50
Batch size: 32
Number of GPUs: 2
Running warmup...
Running benchmark...
Iter #0: 171.0 img/sec per GPU
Iter #1: 170.1 img/sec per GPU
Iter #2: 170.4 img/sec per GPU
Iter #3: 171.0 img/sec per GPU
Iter #4: 169.2 img/sec per GPU
Iter #5: 169.3 img/sec per GPU
Iter #6: 170.9 img/sec per GPU
Iter #7: 170.9 img/sec per GPU
Iter #8: 170.4 img/sec per GPU
Iter #9: 170.4 img/sec per GPU
Img/sec per GPU: 170.4 +-1.2
Total img/sec on 2 GPU(s): 340.7 +-2.5
#### End Training ####
#### Start Training ####
Model: resnet50
Batch size: 32
Number of GPUs: 2
Running warmup...
Running benchmark...
Iter #0: 170.8 img/sec per GPU
Iter #1: 170.9 img/sec per GPU
Iter #2: 171.8 img/sec per GPU
Iter #3: 171.3 img/sec per GPU
Iter #4: 171.2 img/sec per GPU
Iter #5: 171.0 img/sec per GPU
Iter #6: 171.8 img/sec per GPU
Iter #7: 171.9 img/sec per GPU
Iter #8: 171.4 img/sec per GPU
Iter #9: 172.2 img/sec per GPU
Img/sec per GPU: 171.4 +-0.9
Total img/sec on 2 GPU(s): 342.9 +-1.8
#### End Training ####
#### Start Training ####
Model: resnet50
Batch size: 32
Number of GPUs: 2
Running warmup...
Running benchmark...
Iter #0: 167.8 img/sec per GPU
Iter #1: 169.7 img/sec per GPU
Iter #2: 169.1 img/sec per GPU
Iter #3: 168.6 img/sec per GPU
Iter #4: 169.5 img/sec per GPU
Iter #5: 169.2 img/sec per GPU
Iter #6: 168.9 img/sec per GPU
Iter #7: 168.4 img/sec per GPU
Iter #8: 167.8 img/sec per GPU
Iter #9: 168.3 img/sec per GPU
Img/sec per GPU: 168.7 +-1.2
Total img/sec on 2 GPU(s): 337.4 +-2.5
#### End Training ####
#### Start Training ####
Model: resnet50
Batch size: 32
Number of GPUs: 2
Running warmup...
Running benchmark...
Iter #0: 170.1 img/sec per GPU
Iter #1: 170.6 img/sec per GPU
Iter #2: 170.1 img/sec per GPU
Iter #3: 169.8 img/sec per GPU
Iter #4: 170.4 img/sec per GPU
Iter #5: 169.8 img/sec per GPU
Iter #6: 169.7 img/sec per GPU
Iter #7: 169.5 img/sec per GPU
Iter #8: 170.5 img/sec per GPU
Iter #9: 170.4 img/sec per GPU
Img/sec per GPU: 170.1 +-0.7
Total img/sec on 2 GPU(s): 340.1 +-1.4
#### End Training ####
#### Start Training ####
Model: resnet50
Batch size: 32
Number of GPUs: 2
Running warmup...
Running benchmark...
Iter #0: 170.1 img/sec per GPU
Iter #1: 170.3 img/sec per GPU
Iter #2: 169.9 img/sec per GPU
Iter #3: 169.7 img/sec per GPU
Iter #4: 169.3 img/sec per GPU
Iter #5: 169.4 img/sec per GPU
Iter #6: 168.4 img/sec per GPU
Iter #7: 167.4 img/sec per GPU
Iter #8: 165.9 img/sec per GPU
Iter #9: 163.5 img/sec per GPU
Img/sec per GPU: 168.4 +-4.1
Total img/sec on 2 GPU(s): 336.8 +-8.1
#### End Training ####
#### Start Training ####
Model: resnet50
Batch size: 32
Number of GPUs: 2
Running warmup...
Running benchmark...
Iter #0: 169.3 img/sec per GPU
Iter #1: 169.9 img/sec per GPU
Iter #2: 169.2 img/sec per GPU
Iter #3: 169.3 img/sec per GPU
Iter #4: 169.6 img/sec per GPU
Iter #5: 169.8 img/sec per GPU
Iter #6: 165.7 img/sec per GPU
Iter #7: 167.6 img/sec per GPU
Iter #8: 167.2 img/sec per GPU
Iter #9: 165.0 img/sec per GPU
Img/sec per GPU: 168.3 +-3.3
Total img/sec on 2 GPU(s): 336.5 +-6.6
#### End Training ####
#### Start Training ####
Model: resnet50
Batch size: 32
Number of GPUs: 2
Running warmup...
Running benchmark...
Iter #0: 171.1 img/sec per GPU
Iter #1: 171.6 img/sec per GPU
Iter #2: 170.3 img/sec per GPU
Iter #3: 170.8 img/sec per GPU
Iter #4: 165.1 img/sec per GPU
Iter #5: 170.7 img/sec per GPU
Iter #6: 170.2 img/sec per GPU
Iter #7: 170.2 img/sec per GPU
Iter #8: 169.4 img/sec per GPU
Iter #9: 170.2 img/sec per GPU
Img/sec per GPU: 170.0 +-3.4
Total img/sec on 2 GPU(s): 339.9 +-6.8
#### End Training ####
#### Start Training ####
Model: resnet50
Batch size: 32
Number of GPUs: 2
Running warmup...
Running benchmark...
Iter #0: 171.2 img/sec per GPU
Iter #1: 169.1 img/sec per GPU
Iter #2: 168.0 img/sec per GPU
Iter #3: 169.8 img/sec per GPU
Iter #4: 168.5 img/sec per GPU
Iter #5: 170.6 img/sec per GPU
Iter #6: 170.1 img/sec per GPU
Iter #7: 163.4 img/sec per GPU
Iter #8: 166.9 img/sec per GPU
Iter #9: 164.3 img/sec per GPU
Img/sec per GPU: 168.2 +-4.9
Total img/sec on 2 GPU(s): 336.4 +-9.7
#### End Training ####
#### Start Training ####
Model: resnet50
Batch size: 32
Number of GPUs: 4
Running warmup...
Running benchmark...
Iter #0: 105.2 img/sec per GPU
Iter #1: 104.0 img/sec per GPU
Iter #2: 106.4 img/sec per GPU
Iter #3: 107.8 img/sec per GPU
Iter #4: 106.8 img/sec per GPU
Iter #5: 106.6 img/sec per GPU
Iter #6: 105.7 img/sec per GPU
Iter #7: 106.7 img/sec per GPU
Iter #8: 105.6 img/sec per GPU
Iter #9: 105.3 img/sec per GPU
Img/sec per GPU: 106.0 +-2.0
Total img/sec on 4 GPU(s): 424.0 +-8.0
#### End Training ####
#### Start Training ####
Model: resnet50
Batch size: 32
Number of GPUs: 4
Running warmup...
Running benchmark...
Iter #0: 108.3 img/sec per GPU
Iter #1: 107.9 img/sec per GPU
Iter #2: 109.5 img/sec per GPU
Iter #3: 109.6 img/sec per GPU
Iter #4: 109.0 img/sec per GPU
Iter #5: 107.2 img/sec per GPU
Iter #6: 108.5 img/sec per GPU
Iter #7: 107.5 img/sec per GPU
Iter #8: 107.9 img/sec per GPU
Iter #9: 107.5 img/sec per GPU
Img/sec per GPU: 108.3 +-1.6
Total img/sec on 4 GPU(s): 433.1 +-6.2
#### End Training ####
#### Start Training ####
Model: resnet50
Batch size: 32
Number of GPUs: 4
Running warmup...
Running benchmark...
Iter #0: 107.0 img/sec per GPU
Iter #1: 106.6 img/sec per GPU
Iter #2: 106.8 img/sec per GPU
Iter #3: 106.3 img/sec per GPU
Iter #4: 106.1 img/sec per GPU
Iter #5: 105.9 img/sec per GPU
Iter #6: 106.0 img/sec per GPU
Iter #7: 106.2 img/sec per GPU
Iter #8: 107.2 img/sec per GPU
Iter #9: 108.1 img/sec per GPU
Img/sec per GPU: 106.6 +-1.3
Total img/sec on 4 GPU(s): 426.4 +-5.0
#### End Training ####
#### Start Training ####
Model: resnet50
Batch size: 32
Number of GPUs: 4
Running warmup...
Running benchmark...
Iter #0: 105.4 img/sec per GPU
Iter #1: 105.4 img/sec per GPU
Iter #2: 106.2 img/sec per GPU
Iter #3: 105.5 img/sec per GPU
Iter #4: 106.8 img/sec per GPU
Iter #5: 106.4 img/sec per GPU
Iter #6: 106.5 img/sec per GPU
Iter #7: 107.2 img/sec per GPU
Iter #8: 106.7 img/sec per GPU
Iter #9: 106.2 img/sec per GPU
Img/sec per GPU: 106.2 +-1.2
Total img/sec on 4 GPU(s): 424.9 +-4.6
#### End Training ####
#### Start Training ####
Model: resnet50
Batch size: 32
Number of GPUs: 4
Running warmup...
Running benchmark...
Iter #0: 107.8 img/sec per GPU
Iter #1: 107.5 img/sec per GPU
Iter #2: 107.3 img/sec per GPU
Iter #3: 107.6 img/sec per GPU
Iter #4: 106.9 img/sec per GPU
Iter #5: 107.0 img/sec per GPU
Iter #6: 106.4 img/sec per GPU
Iter #7: 106.5 img/sec per GPU
Iter #8: 107.4 img/sec per GPU
Iter #9: 108.0 img/sec per GPU
Img/sec per GPU: 107.2 +-1.0
Total img/sec on 4 GPU(s): 428.9 +-4.0
#### End Training ####
#### Start Training ####
Model: resnet50
Batch size: 32
Number of CPUs: 1
Running warmup...
Iter #0: 106.3 img/sec per GPU
Iter #1: 106.2 img/sec per GPU
Iter #2: 106.7 img/sec per GPU
Iter #3: 106.5 img/sec per GPU
Iter #4: 106.2 img/sec per GPU
Iter #5: 106.6 img/sec per GPU
Iter #6: 106.3 img/sec per GPU
Iter #7: 106.3 img/sec per GPU
Iter #8: 107.0 img/sec per GPU
Iter #9: 107.6 img/sec per GPU
Img/sec per GPU: 106.6 +-0.8
Total img/sec on 4 GPU(s): 426.2 +-3.2
#### End Training ####
#### Start Training ####
Model: resnet50
Batch size: 32
Number of GPUs: 4
Running warmup...
Running benchmark...
Iter #0: 105.1 img/sec per GPU
Iter #1: 105.6 img/sec per GPU
Iter #2: 104.7 img/sec per GPU
Iter #3: 104.9 img/sec per GPU
Iter #4: 106.6 img/sec per GPU
Iter #5: 106.0 img/sec per GPU
Iter #6: 105.2 img/sec per GPU
Iter #7: 105.0 img/sec per GPU
Iter #8: 106.1 img/sec per GPU
Iter #9: 106.3 img/sec per GPU
Img/sec per GPU: 105.5 +-1.2
Total img/sec on 4 GPU(s): 422.2 +-4.9
#### End Training ####
#### Start Training ####
Model: resnet50
Batch size: 32
Number of GPUs: 4
Running warmup...
Running benchmark...
Iter #0: 105.4 img/sec per GPU
Iter #1: 106.8 img/sec per GPU
Iter #2: 106.4 img/sec per GPU
Iter #3: 105.7 img/sec per GPU
Iter #4: 105.2 img/sec per GPU
Iter #5: 104.9 img/sec per GPU
Iter #6: 105.3 img/sec per GPU
Iter #7: 105.3 img/sec per GPU
Iter #8: 104.9 img/sec per GPU
Iter #9: 106.3 img/sec per GPU
Img/sec per GPU: 105.6 +-1.2
Total img/sec on 4 GPU(s): 422.5 +-4.8
#### End Training ####
#### Start Training ####
Model: resnet50
Batch size: 32
Number of GPUs: 4
Running warmup...
Running benchmark...
Iter #0: 105.0 img/sec per GPU
Iter #1: 105.9 img/sec per GPU
Iter #2: 106.1 img/sec per GPU
Iter #3: 106.1 img/sec per GPU
Iter #4: 106.0 img/sec per GPU
Iter #5: 106.8 img/sec per GPU
Iter #6: 105.8 img/sec per GPU
Iter #7: 105.6 img/sec per GPU
Iter #8: 106.8 img/sec per GPU
Iter #9: 106.8 img/sec per GPU
Img/sec per GPU: 106.1 +-1.1
Total img/sec on 4 GPU(s): 424.4 +-4.4
#### End Training ####
#### Start Training ####
Model: resnet50
Batch size: 32
Number of GPUs: 4
Running warmup...
Running benchmark...
Iter #0: 110.7 img/sec per GPU
Iter #1: 110.9 img/sec per GPU
Iter #2: 110.4 img/sec per GPU
Iter #3: 110.3 img/sec per GPU
Iter #4: 110.4 img/sec per GPU
Iter #5: 110.8 img/sec per GPU
Iter #6: 111.5 img/sec per GPU
Iter #7: 110.9 img/sec per GPU
Iter #8: 111.7 img/sec per GPU
Iter #9: 109.9 img/sec per GPU
Img/sec per GPU: 110.8 +-1.0
Total img/sec on 4 GPU(s): 443.1 +-4.1
#### End Training ####
#### Start Training ####
Model: resnet50
Batch size: 32
Number of GPUs: 1
Running warmup...
Running benchmark...
Iter #0: 127.0 img/sec per GPU
Iter #1: 126.9 img/sec per GPU
Iter #2: 126.9 img/sec per GPU
Iter #3: 127.0 img/sec per GPU
Iter #4: 126.8 img/sec per GPU
Iter #5: 126.7 img/sec per GPU
Iter #6: 126.7 img/sec per GPU
Iter #7: 126.5 img/sec per GPU
Iter #8: 126.3 img/sec per GPU
Iter #9: 126.4 img/sec per GPU
Img/sec per GPU: 126.7 +-0.4
Total img/sec on 1 GPU(s): 126.7 +-0.4
#### End Training ####
#### Start Training ####
Model: resnet50
Batch size: 32
Number of GPUs: 1
Running warmup...
Running benchmark...
Iter #0: 125.0 img/sec per GPU
Iter #1: 125.0 img/sec per GPU
Iter #2: 124.9 img/sec per GPU
Iter #3: 124.8 img/sec per GPU
Iter #4: 125.0 img/sec per GPU
Iter #5: 124.8 img/sec per GPU
Iter #6: 124.6 img/sec per GPU
Iter #7: 124.7 img/sec per GPU
Iter #8: 124.8 img/sec per GPU
Iter #9: 124.5 img/sec per GPU
Img/sec per GPU: 124.8 +-0.3
Total img/sec on 1 GPU(s): 124.8 +-0.3
#### End Training ####
#### Start Training ####
Model: resnet50
Batch size: 32
Number of GPUs: 1
Running warmup...
Running benchmark...
Iter #0: 126.9 img/sec per GPU
Iter #1: 126.9 img/sec per GPU
Iter #2: 126.7 img/sec per GPU
Iter #3: 126.8 img/sec per GPU
Iter #4: 126.9 img/sec per GPU
Iter #5: 126.8 img/sec per GPU
Iter #6: 126.9 img/sec per GPU
Iter #7: 126.4 img/sec per GPU
Iter #8: 126.5 img/sec per GPU
Iter #9: 126.6 img/sec per GPU
Img/sec per GPU: 126.7 +-0.3
Total img/sec on 1 GPU(s): 126.7 +-0.3
#### End Training ####
#### Start Training ####
Model: resnet50
Batch size: 32
Number of GPUs: 1
Running warmup...
Running benchmark...
Iter #0: 126.4 img/sec per GPU
Iter #1: 126.4 img/sec per GPU
Iter #2: 126.2 img/sec per GPU
Iter #3: 126.4 img/sec per GPU
Iter #4: 126.0 img/sec per GPU
Iter #5: 126.3 img/sec per GPU
Iter #6: 126.1 img/sec per GPU
Iter #7: 126.3 img/sec per GPU
Iter #8: 126.0 img/sec per GPU
Iter #9: 126.1 img/sec per GPU
Img/sec per GPU: 126.2 +-0.3
Total img/sec on 1 GPU(s): 126.2 +-0.3
#### End Training ####
#### Start Training ####
Model: resnet50
Batch size: 32
Number of GPUs: 1
Running warmup...
Running benchmark...
Iter #0: 126.7 img/sec per GPU
Iter #1: 126.6 img/sec per GPU
Iter #2: 126.5 img/sec per GPU
Iter #3: 126.1 img/sec per GPU
Iter #4: 126.3 img/sec per GPU
Iter #5: 126.4 img/sec per GPU
Iter #6: 126.4 img/sec per GPU
Iter #7: 126.2 img/sec per GPU
Iter #8: 126.3 img/sec per GPU
Iter #9: 126.2 img/sec per GPU
Img/sec per GPU: 126.4 +-0.4
Total img/sec on 1 GPU(s): 126.4 +-0.4
#### End Training ####
#### Start Training ####
Model: resnet50
Batch size: 32
Number of GPUs: 1
Running warmup...
Running benchmark...
Iter #0: 126.4 img/sec per GPU
Iter #1: 126.0 img/sec per GPU
Iter #2: 125.8 img/sec per GPU
Iter #3: 126.1 img/sec per GPU
Iter #4: 126.0 img/sec per GPU
Iter #5: 126.3 img/sec per GPU
Iter #6: 126.3 img/sec per GPU
Iter #7: 126.0 img/sec per GPU
Iter #8: 125.7 img/sec per GPU
Iter #9: 126.2 img/sec per GPU
Img/sec per GPU: 126.1 +-0.4
Total img/sec on 1 GPU(s): 126.1 +-0.4
#### End Training ####
#### Start Training ####
Model: resnet50
Batch size: 32
Number of GPUs: 1
Running warmup...
Running benchmark...
Iter #0: 126.3 img/sec per GPU
Iter #1: 126.4 img/sec per GPU
Iter #2: 126.4 img/sec per GPU
Iter #3: 126.3 img/sec per GPU
Iter #4: 126.3 img/sec per GPU
Iter #5: 126.2 img/sec per GPU
Iter #6: 126.1 img/sec per GPU
Iter #7: 126.2 img/sec per GPU
Iter #8: 125.9 img/sec per GPU
Iter #9: 125.8 img/sec per GPU
Img/sec per GPU: 126.2 +-0.4
Total img/sec on 1 GPU(s): 126.2 +-0.4
#### End Training ####
#### Start Training ####
Model: resnet50
Batch size: 32
Number of GPUs: 1
Running warmup...
Running benchmark...
Iter #0: 124.8 img/sec per GPU
Iter #1: 124.8 img/sec per GPU
Iter #2: 124.6 img/sec per GPU
Iter #3: 124.5 img/sec per GPU
Iter #4: 124.7 img/sec per GPU
Iter #5: 124.4 img/sec per GPU
Iter #6: 124.5 img/sec per GPU
Iter #7: 124.5 img/sec per GPU
Iter #8: 124.4 img/sec per GPU
Iter #9: 124.4 img/sec per GPU
Img/sec per GPU: 124.6 +-0.3
Total img/sec on 1 GPU(s): 124.6 +-0.3
#### End Training ####
#### Start Training ####
Model: resnet50
Batch size: 32
Number of GPUs: 1
Running warmup...
Running benchmark...
Iter #0: 126.3 img/sec per GPU
Iter #1: 126.3 img/sec per GPU
Iter #2: 126.3 img/sec per GPU
Iter #3: 126.2 img/sec per GPU
Iter #4: 126.3 img/sec per GPU
Iter #5: 126.0 img/sec per GPU
Iter #6: 125.9 img/sec per GPU
Iter #7: 126.0 img/sec per GPU
Iter #8: 126.0 img/sec per GPU
Iter #9: 126.1 img/sec per GPU
Img/sec per GPU: 126.2 +-0.3
Total img/sec on 1 GPU(s): 126.2 +-0.3
#### End Training ####
#### Start Training ####
Model: resnet50
Batch size: 32
Number of GPUs: 1
Running warmup...
Running benchmark...
Iter #0: 124.7 img/sec per GPU
Iter #1: 124.7 img/sec per GPU
Iter #2: 124.7 img/sec per GPU
Iter #3: 124.6 img/sec per GPU
Iter #4: 124.5 img/sec per GPU
Iter #5: 124.6 img/sec per GPU
Iter #6: 124.6 img/sec per GPU
Iter #7: 124.4 img/sec per GPU
Iter #8: 124.4 img/sec per GPU
Iter #9: 124.4 img/sec per GPU
Img/sec per GPU: 124.6 +-0.2
Total img/sec on 1 GPU(s): 124.6 +-0.2
#### End Training ####
#### Start Training ####
Model: resnet50
Batch size: 32
Number of GPUs: 8
Running warmup...
Running benchmark...
Iter #0: 114.8 img/sec per GPU
Iter #1: 113.2 img/sec per GPU
Iter #2: 113.0 img/sec per GPU
Iter #3: 113.4 img/sec per GPU
Iter #4: 112.5 img/sec per GPU
Iter #5: 112.1 img/sec per GPU
Iter #6: 113.1 img/sec per GPU
Iter #7: 111.6 img/sec per GPU
Iter #8: 111.1 img/sec per GPU
Iter #9: 110.8 img/sec per GPU
Img/sec per GPU: 112.6 +-2.2
Total img/sec on 8 GPU(s): 900.6 +-17.8
#### End Training ####
#### Start Training ####
Model: resnet50
Batch size: 32
Number of GPUs: 8
Running warmup...
Running benchmark...
Iter #0: 108.8 img/sec per GPU
Iter #1: 107.5 img/sec per GPU
Iter #2: 107.9 img/sec per GPU
Iter #3: 108.4 img/sec per GPU
Iter #4: 109.1 img/sec per GPU
Iter #5: 110.1 img/sec per GPU
Iter #6: 109.0 img/sec per GPU
Iter #7: 109.6 img/sec per GPU
Iter #8: 109.2 img/sec per GPU
Iter #9: 108.9 img/sec per GPU
Img/sec per GPU: 108.8 +-1.4
Total img/sec on 8 GPU(s): 870.8 +-11.6
#### End Training ####
#### Start Training ####
Model: resnet50
Batch size: 32
Number of GPUs: 8
Running warmup...
Running benchmark...
Iter #0: 103.8 img/sec per GPU
Iter #1: 104.0 img/sec per GPU
Iter #2: 104.8 img/sec per GPU
Iter #3: 104.8 img/sec per GPU
Iter #4: 104.2 img/sec per GPU
Iter #5: 105.8 img/sec per GPU
Iter #6: 104.5 img/sec per GPU
Iter #7: 104.7 img/sec per GPU
Iter #8: 103.6 img/sec per GPU
Iter #9: 104.2 img/sec per GPU
Img/sec per GPU: 104.5 +-1.2
Total img/sec on 8 GPU(s): 835.6 +-9.3
#### End Training ####
#### Start Training ####
Model: resnet50
Batch size: 32
Number of GPUs: 8
Running warmup...
Running benchmark...
Iter #0: 100.0 img/sec per GPU
Iter #1: 100.7 img/sec per GPU
Iter #2: 100.5 img/sec per GPU
Iter #3: 101.0 img/sec per GPU
Iter #4: 100.3 img/sec per GPU
Iter #5: 98.8 img/sec per GPU
Iter #6: 97.9 img/sec per GPU
Iter #7: 97.3 img/sec per GPU
Iter #8: 98.4 img/sec per GPU
Iter #9: 100.0 img/sec per GPU
Img/sec per GPU: 99.5 +-2.4
Total img/sec on 8 GPU(s): 795.9 +-19.0
#### End Training ####
#### Start Training ####
Model: resnet50
Batch size: 32
Number of GPUs: 8
Running warmup...
Running benchmark...
Iter #0: 102.5 img/sec per GPU
Iter #1: 100.4 img/sec per GPU
Iter #2: 101.2 img/sec per GPU
Iter #3: 102.1 img/sec per GPU
Iter #4: 102.7 img/sec per GPU
Iter #5: 101.7 img/sec per GPU
Iter #6: 102.3 img/sec per GPU
Iter #7: 102.3 img/sec per GPU
Iter #8: 102.1 img/sec per GPU
Iter #9: 101.8 img/sec per GPU
Img/sec per GPU: 101.9 +-1.3
Total img/sec on 8 GPU(s): 815.4 +-10.1
#### End Training ####
#### Start Training ####
Model: resnet50
Batch size: 32
Number of GPUs: 8
Running warmup...
Running benchmark...
Iter #0: 106.0 img/sec per GPU
Iter #1: 106.9 img/sec per GPU
Iter #2: 106.6 img/sec per GPU
Iter #3: 106.6 img/sec per GPU
Iter #4: 106.6 img/sec per GPU
Iter #5: 105.9 img/sec per GPU
Iter #6: 105.9 img/sec per GPU
Iter #7: 107.1 img/sec per GPU
Iter #8: 107.0 img/sec per GPU
Iter #9: 107.3 img/sec per GPU
Img/sec per GPU: 106.6 +-1.0
Total img/sec on 8 GPU(s): 852.8 +-7.7
#### End Training ####
#### Start Training ####
Model: resnet50
Batch size: 32
Number of GPUs: 8
Running warmup...
Running benchmark...
Iter #0: 104.1 img/sec per GPU
Iter #1: 105.1 img/sec per GPU
Iter #2: 104.0 img/sec per GPU
Iter #3: 103.5 img/sec per GPU
Iter #4: 104.6 img/sec per GPU
Iter #5: 104.2 img/sec per GPU
Iter #6: 105.0 img/sec per GPU
Iter #7: 104.7 img/sec per GPU
Iter #8: 104.9 img/sec per GPU
Iter #9: 104.4 img/sec per GPU
Img/sec per GPU: 104.4 +-0.9
Total img/sec on 8 GPU(s): 835.6 +-7.5
#### End Training ####
#### Start Training ####
Model: resnet50
Batch size: 32
Number of GPUs: 8
Running warmup...
Running benchmark...
Iter #0: 104.6 img/sec per GPU
Iter #1: 105.8 img/sec per GPU
Iter #2: 104.6 img/sec per GPU
Iter #3: 105.1 img/sec per GPU
Iter #4: 104.9 img/sec per GPU
Iter #5: 104.5 img/sec per GPU
Iter #6: 105.1 img/sec per GPU
Iter #7: 104.5 img/sec per GPU
Iter #8: 104.6 img/sec per GPU
Iter #9: 104.1 img/sec per GPU
Img/sec per GPU: 104.8 +-0.8
Total img/sec on 8 GPU(s): 838.3 +-6.7
#### End Training ####
#### Start Training ####
Model: resnet50
Batch size: 32
Number of GPUs: 8
Running warmup...
Running benchmark...
Iter #0: 106.0 img/sec per GPU
Iter #1: 106.5 img/sec per GPU
Iter #2: 106.6 img/sec per GPU
Iter #3: 106.6 img/sec per GPU
Iter #4: 106.8 img/sec per GPU
Iter #5: 106.7 img/sec per GPU
Iter #6: 108.1 img/sec per GPU
Iter #7: 107.1 img/sec per GPU
Iter #8: 106.5 img/sec per GPU
Iter #9: 107.6 img/sec per GPU
Img/sec per GPU: 106.9 +-1.2
Total img/sec on 8 GPU(s): 854.8 +-9.2
#### End Training ####
#### Start Training ####
Model: resnet50
Batch size: 32
Number of GPUs: 16
Running warmup...
Running benchmark...
Iter #0: 105.6 img/sec per GPU
Iter #1: 105.2 img/sec per GPU
Iter #2: 104.9 img/sec per GPU
Iter #3: 105.4 img/sec per GPU
Iter #4: 106.1 img/sec per GPU
Iter #5: 105.6 img/sec per GPU
Iter #6: 106.5 img/sec per GPU
Iter #7: 105.2 img/sec per GPU
Iter #8: 104.9 img/sec per GPU
Iter #9: 104.6 img/sec per GPU
Img/sec per GPU: 105.4 +-1.1
Total img/sec on 16 GPU(s): 1686.3 +-17.3
#### End Training ####
#### Start Training ####
Model: resnet50
Batch size: 32
Number of GPUs: 16
Running warmup...
Running benchmark...
Iter #0: 97.3 img/sec per GPU
Iter #1: 98.4 img/sec per GPU
Iter #2: 98.9 img/sec per GPU
Iter #3: 99.4 img/sec per GPU
Iter #4: 98.9 img/sec per GPU
Iter #5: 99.8 img/sec per GPU
Iter #6: 98.8 img/sec per GPU
Iter #7: 98.9 img/sec per GPU
Iter #8: 98.4 img/sec per GPU
Iter #9: 100.8 img/sec per GPU
Img/sec per GPU: 99.0 +-1.7
Total img/sec on 16 GPU(s): 1583.4 +-27.8
#### End Training ####
#### Start Training ####
Model: resnet50
Batch size: 32
Number of GPUs: 16
Running warmup...
Running benchmark...
Iter #0: 107.5 img/sec per GPU
Iter #1: 107.4 img/sec per GPU
Iter #2: 107.7 img/sec per GPU
Iter #3: 107.5 img/sec per GPU
Iter #4: 107.8 img/sec per GPU
Iter #5: 106.9 img/sec per GPU
Iter #6: 107.3 img/sec per GPU
Iter #7: 107.7 img/sec per GPU
Iter #8: 107.6 img/sec per GPU
Iter #9: 107.7 img/sec per GPU
Img/sec per GPU: 107.5 +-0.5
Total img/sec on 16 GPU(s): 1720.0 +-8.0
#### End Training ####
#### Start Training ####
Model: resnet50
Batch size: 32
Number of GPUs: 16
Running warmup...
Running benchmark...
Iter #0: 100.4 img/sec per GPU
Iter #1: 99.9 img/sec per GPU
Iter #2: 100.4 img/sec per GPU
Iter #3: 100.4 img/sec per GPU
Iter #4: 100.7 img/sec per GPU
Iter #5: 99.9 img/sec per GPU
Iter #6: 98.9 img/sec per GPU
Iter #7: 99.5 img/sec per GPU
Iter #8: 99.7 img/sec per GPU
Iter #9: 99.2 img/sec per GPU
Img/sec per GPU: 99.9 +-1.1
Total img/sec on 16 GPU(s): 1598.3 +-17.6
#### End Training ####
#### Start Training ####
Model: resnet50
Batch size: 32
Number of GPUs: 16
Running warmup...
Running benchmark...
Iter #0: 103.6 img/sec per GPU
Iter #1: 105.3 img/sec per GPU
Iter #2: 104.1 img/sec per GPU
Iter #3: 104.9 img/sec per GPU
Iter #4: 103.6 img/sec per GPU
Iter #5: 104.9 img/sec per GPU
Iter #6: 104.9 img/sec per GPU
Iter #7: 105.5 img/sec per GPU
Iter #8: 105.0 img/sec per GPU
Iter #9: 105.0 img/sec per GPU
Img/sec per GPU: 104.7 +-1.3
Total img/sec on 16 GPU(s): 1674.8 +-20.6
#### End Training ####
#### Start Training ####
Model: resnet50
Batch size: 32
Number of GPUs: 16
Running warmup...
Running benchmark...
Iter #0: 96.8 img/sec per GPU
Iter #1: 95.7 img/sec per GPU
Iter #2: 94.9 img/sec per GPU
Iter #3: 95.9 img/sec per GPU
Iter #4: 96.5 img/sec per GPU
Iter #5: 97.6 img/sec per GPU
Iter #6: 95.3 img/sec per GPU
Iter #7: 95.5 img/sec per GPU
Iter #8: 97.7 img/sec per GPU
Iter #9: 97.2 img/sec per GPU
Img/sec per GPU: 96.3 +-1.9
Total img/sec on 16 GPU(s): 1541.1 +-29.8
#### End Training ####
#### Start Training ####
Model: resnet50
Batch size: 32
Number of GPUs: 16
Running warmup...
Running benchmark...
Iter #0: 100.3 img/sec per GPU
Iter #1: 100.9 img/sec per GPU
Iter #2: 100.6 img/sec per GPU
Iter #3: 100.2 img/sec per GPU
Iter #4: 100.0 img/sec per GPU
Iter #5: 99.9 img/sec per GPU
Iter #6: 99.8 img/sec per GPU
Iter #7: 98.5 img/sec per GPU
Iter #8: 99.8 img/sec per GPU
Iter #9: 100.1 img/sec per GPU
Img/sec per GPU: 100.0 +-1.2
Total img/sec on 16 GPU(s): 1600.3 +-19.1
#### End Training ####
#### Start Training ####
Model: resnet50
Batch size: 32
Number of GPUs: 8
Running warmup...
Running benchmark...
Iter #0: 107.9 img/sec per GPU
Iter #1: 107.0 img/sec per GPU
Iter #2: 106.5 img/sec per GPU
Iter #3: 106.9 img/sec per GPU
Iter #4: 109.2 img/sec per GPU
Iter #5: 108.7 img/sec per GPU
Iter #6: 106.9 img/sec per GPU
Iter #7: 106.2 img/sec per GPU
Iter #8: 107.8 img/sec per GPU
Iter #9: 107.5 img/sec per GPU
Img/sec per GPU: 107.4 +-1.8
Total img/sec on 8 GPU(s): 859.6 +-14.2
#### End Training ####
#### Start Training ####
Model: resnet50
Batch size: 32
Number of GPUs: 8
Running warmup...
Running benchmark...
Iter #0: 100.4 img/sec per GPU
Iter #1: 99.3 img/sec per GPU
Iter #2: 96.9 img/sec per GPU
Iter #3: 99.1 img/sec per GPU
Iter #4: 99.6 img/sec per GPU
Iter #5: 99.1 img/sec per GPU
Iter #6: 99.9 img/sec per GPU
Iter #7: 99.0 img/sec per GPU
Iter #8: 96.9 img/sec per GPU
Iter #9: 97.3 img/sec per GPU
Img/sec per GPU: 98.7 +-2.3
Total img/sec on 8 GPU(s): 790.0 +-18.5
#### End Training ####
#### Start Training ####
Model: resnet50
Batch size: 32
Number of GPUs: 8
Running warmup...
Running benchmark...
Iter #0: 109.9 img/sec per GPU
Iter #1: 110.7 img/sec per GPU
Iter #2: 109.3 img/sec per GPU
Iter #3: 110.0 img/sec per GPU
Iter #4: 109.3 img/sec per GPU
Iter #5: 109.0 img/sec per GPU
Iter #6: 108.0 img/sec per GPU
Iter #7: 107.9 img/sec per GPU
Iter #8: 107.4 img/sec per GPU
Iter #9: 108.6 img/sec per GPU
Img/sec per GPU: 109.0 +-1.9
Total img/sec on 8 GPU(s): 872.0 +-15.5
#### End Training ####
#### Start Training ####
Model: resnet50
Batch size: 32
Number of GPUs: 16
Running warmup...
Running benchmark...
Iter #0: 106.5 img/sec per GPU
Iter #1: 106.7 img/sec per GPU
Iter #2: 107.7 img/sec per GPU
Iter #3: 107.4 img/sec per GPU
Iter #4: 108.0 img/sec per GPU
Iter #5: 107.2 img/sec per GPU
Iter #6: 106.1 img/sec per GPU
Iter #7: 104.8 img/sec per GPU
Iter #8: 107.4 img/sec per GPU
Iter #9: 107.8 img/sec per GPU
Img/sec per GPU: 107.0 +-1.8
Total img/sec on 16 GPU(s): 1711.4 +-28.9
#### End Training ####
#### Start Training ####
Model: resnet50
Batch size: 32
Number of GPUs: 16
Running warmup...
Running benchmark...
Iter #0: 100.1 img/sec per GPU
Iter #1: 97.8 img/sec per GPU
Iter #2: 99.8 img/sec per GPU
Iter #3: 99.3 img/sec per GPU
Iter #4: 99.7 img/sec per GPU
Iter #5: 97.9 img/sec per GPU
Iter #6: 97.8 img/sec per GPU
Iter #7: 99.4 img/sec per GPU
Iter #8: 97.5 img/sec per GPU
Iter #9: 98.0 img/sec per GPU
Img/sec per GPU: 98.7 +-1.9
Total img/sec on 16 GPU(s): 1579.5 +-30.0
#### End Training ####
#### Start Training ####
Model: resnet50
Batch size: 32
Number of GPUs: 16
Running warmup...
Running benchmark...
Iter #0: 110.0 img/sec per GPU
Iter #1: 109.7 img/sec per GPU
Iter #2: 109.6 img/sec per GPU
Iter #3: 109.4 img/sec per GPU
Iter #4: 109.9 img/sec per GPU
Iter #5: 111.1 img/sec per GPU
Iter #6: 109.7 img/sec per GPU
Iter #7: 109.1 img/sec per GPU
Iter #8: 109.1 img/sec per GPU
Iter #9: 111.1 img/sec per GPU
Img/sec per GPU: 109.9 +-1.3
Total img/sec on 16 GPU(s): 1757.9 +-21.1
#### End Training ####
